2024-06-29 10:41:20.608 [info] Added views:workbench.panel.markers.view in workbench.panel.markers
2024-06-29 10:41:20.609 [info] Added views:workbench.panel.output in workbench.panel.output
2024-06-29 10:41:20.609 [info] Added views:terminal in terminal
2024-06-29 10:41:20.609 [info] Added views:outline in workbench.view.explorer
2024-06-29 10:41:20.609 [info] Added views:workbench.scm in workbench.view.scm
2024-06-29 10:41:20.609 [info] Added views:workbench.view.search in workbench.view.search
2024-06-29 10:41:20.609 [info] Added views:timeline in workbench.view.explorer
2024-06-29 10:41:20.609 [info] Added views:workbench.explorer.fileView in workbench.view.explorer
2024-06-29 10:41:21.946 [info] Added views:workbench.debug.welcome in workbench.view.debug
2024-06-29 10:41:22.051 [info] Added views:workbench.panel.repl.view in workbench.panel.repl
2024-06-29 10:41:22.327 [info] Added views:workbench.view.testing in workbench.view.extension.test
2024-06-29 10:41:22.709 [info] Added views:~remote.forwardedPorts in ~remote.forwardedPortsContainer
2024-06-29 10:41:48.039 [info] Removed views:workbench.view.testing from workbench.view.extension.test
2024-06-29 10:41:49.126 [info] Added views:workbench.panel.markers.view in workbench.panel.markers
2024-06-29 10:41:49.126 [info] Added views:workbench.panel.output in workbench.panel.output
2024-06-29 10:41:49.126 [info] Added views:terminal in terminal
2024-06-29 10:41:49.126 [info] Added views:outline in workbench.view.explorer
2024-06-29 10:41:49.126 [info] Added views:workbench.scm in workbench.view.scm
2024-06-29 10:41:49.126 [info] Added views:workbench.view.search in workbench.view.search
2024-06-29 10:41:49.126 [info] Added views:timeline in workbench.view.explorer
2024-06-29 10:41:49.126 [info] Added views:workbench.explorer.fileView in workbench.view.explorer
2024-06-29 10:41:49.638 [info] Added views:workbench.debug.variablesView,workbench.debug.watchExpressionsView,workbench.debug.callStackView,workbench.debug.breakPointsView in workbench.view.debug
2024-06-29 10:41:49.761 [info] Added views:~remote.forwardedPorts in ~remote.forwardedPortsContainer
2024-06-29 10:41:50.121 [info] Added views:workbench.panel.repl.view in workbench.panel.repl
2024-06-29 10:41:50.125 [info] Removed views:workbench.debug.breakPointsView,workbench.debug.callStackView,workbench.debug.watchExpressionsView,workbench.debug.variablesView from workbench.view.debug
2024-06-29 10:41:50.127 [info] Added views:workbench.debug.welcome in workbench.view.debug
2024-06-29 10:41:50.911 [info] Added views:workbench.view.testing in workbench.view.extension.test
2024-06-29 10:42:06.022 [info] Added views:workbench.debug.breakPointsView in workbench.view.debug
2024-06-29 10:42:10.568 [info] Removed views:workbench.debug.welcome from workbench.view.debug
2024-06-29 10:42:10.612 [info] Added views:workbench.debug.variablesView,workbench.debug.watchExpressionsView,workbench.debug.callStackView in workbench.view.debug
2024-06-29 10:42:11.391 [info] Removed views:workbench.debug.callStackView,workbench.debug.watchExpressionsView,workbench.debug.variablesView from workbench.view.debug
2024-06-29 10:42:11.428 [info] Added views:workbench.debug.welcome in workbench.view.debug
2024-06-29 10:42:46.017 [info] Removed views:workbench.debug.welcome from workbench.view.debug
2024-06-29 10:42:46.057 [info] Added views:workbench.debug.variablesView,workbench.debug.watchExpressionsView,workbench.debug.callStackView in workbench.view.debug
2024-06-29 10:42:46.840 [info] Removed views:workbench.debug.callStackView,workbench.debug.watchExpressionsView,workbench.debug.variablesView from workbench.view.debug
2024-06-29 10:42:46.874 [info] Added views:workbench.debug.welcome in workbench.view.debug
2024-06-29 10:44:17.200 [info] Added views:workbench.views.extensions.installed,workbench.views.extensions.popular,extensions.recommendedList in workbench.view.extensions
2024-06-29 10:44:17.209 [info] Removed views:workbench.views.extensions.popular from workbench.view.extensions
2024-06-29 10:45:55.261 [info] Removed views:workbench.debug.welcome from workbench.view.debug
2024-06-29 10:45:55.287 [info] Added views:workbench.debug.variablesView,workbench.debug.watchExpressionsView,workbench.debug.callStackView in workbench.view.debug
2024-06-29 10:47:09.359 [info] Removed views:workbench.debug.callStackView,workbench.debug.watchExpressionsView,workbench.debug.variablesView from workbench.view.debug
2024-06-29 10:47:09.402 [info] Added views:workbench.debug.welcome in workbench.view.debug
2024-06-29 10:52:36.499 [info] Removed views:workbench.debug.welcome from workbench.view.debug
2024-06-29 10:52:36.540 [info] Added views:workbench.debug.variablesView,workbench.debug.watchExpressionsView,workbench.debug.callStackView in workbench.view.debug
2024-06-29 10:53:49.206 [info] Removed views:workbench.debug.callStackView,workbench.debug.watchExpressionsView,workbench.debug.variablesView from workbench.view.debug
2024-06-29 10:53:49.242 [info] Added views:workbench.debug.welcome in workbench.view.debug
2024-06-29 10:53:50.887 [info] Removed views:workbench.debug.welcome from workbench.view.debug
2024-06-29 10:53:50.921 [info] Added views:workbench.debug.variablesView,workbench.debug.watchExpressionsView,workbench.debug.callStackView in workbench.view.debug
2024-06-29 10:54:27.455 [info] Removed views:workbench.debug.callStackView,workbench.debug.watchExpressionsView,workbench.debug.variablesView from workbench.view.debug
2024-06-29 10:54:27.493 [info] Added views:workbench.debug.welcome in workbench.view.debug
2024-06-29 10:54:29.208 [info] Removed views:workbench.debug.welcome from workbench.view.debug
2024-06-29 10:54:29.245 [info] Added views:workbench.debug.variablesView,workbench.debug.watchExpressionsView,workbench.debug.callStackView in workbench.view.debug
2024-06-29 10:54:42.947 [info] Removed views:workbench.debug.callStackView,workbench.debug.watchExpressionsView,workbench.debug.variablesView from workbench.view.debug
2024-06-29 10:54:42.981 [info] Added views:workbench.debug.welcome in workbench.view.debug
2024-06-29 10:55:34.724 [info] Removed views:workbench.debug.welcome from workbench.view.debug
2024-06-29 10:55:34.752 [info] Added views:workbench.debug.variablesView,workbench.debug.watchExpressionsView,workbench.debug.callStackView in workbench.view.debug
2024-06-29 11:47:03.906 [info] Removed views:workbench.view.testing from workbench.view.extension.test
