{"level":30,"time":"2024-06-26T17:35:48.014Z","msg":"got fast localeOverride setting null"}
{"level":30,"time":"2024-06-26T17:35:48.015Z","msg":"app.ready: hour cycle preference: UnknownPreference"}
{"level":30,"time":"2024-06-26T17:35:48.015Z","msg":"app.ready: preferred system locales: en-US, en"}
{"level":30,"time":"2024-06-26T17:35:48.015Z","msg":"locale: Supported locales: af-ZA, ar, az-AZ, bg-BG, bn-BD, bs-BA, ca, cs, da, de, el, en, es, et-EE, eu, fa-IR, fi, fr, ga-IE, gl-ES, gu-IN, he, hi-IN, hr-HR, hu, id, it, ja, ka-GE, kk-KZ, km-KH, kn-IN, ko, ky-KG, lt-LT, lv-LV, mk-MK, ml-IN, mr-IN, ms, my, nb, nl, pa-IN, pl, pt-BR, pt-PT, ro-RO, ru, sk-SK, sl-SI, sq-AL, sr, sv, sw, ta-IN, te-IN, th, tl-PH, tr, ug, uk-UA, ur, vi, yue, zh-CN, zh-HK, zh-Hant"}
{"level":30,"time":"2024-06-26T17:35:48.015Z","msg":"locale: Preferred locales: en-US, en"}
{"level":30,"time":"2024-06-26T17:35:48.015Z","msg":"locale: Locale Override: null"}
{"level":30,"time":"2024-06-26T17:35:48.016Z","msg":"locale: Matched locale: en"}
{"level":40,"time":"2024-06-26T17:35:48.045Z","msg":"intl.onWarn [@formatjs/intl] \"defaultRichTextElements\" was specified but \"message\" was not pre-compiled. \nPlease consider using \"@formatjs/cli\" to pre-compile your messages for performance.\nFor more details see https://formatjs.io/docs/getting-started/message-distribution"}
{"level":30,"time":"2024-06-26T17:35:48.045Z","msg":"locale: Text info direction for en: ltr"}
{"level":30,"time":"2024-06-26T17:35:48.045Z","msg":"getSystemTraySetting got value DoNotUseSystemTray"}
{"level":30,"time":"2024-06-26T17:35:48.045Z","msg":"getSystemTraySetting returning DoNotUseSystemTray"}
{"level":30,"time":"2024-06-26T17:35:48.046Z","msg":"app ready"}
{"level":30,"time":"2024-06-26T17:35:48.046Z","msg":"starting version 7.11.1"}
{"level":30,"time":"2024-06-26T17:35:48.046Z","msg":"media access status [object Undefined] [object Undefined]"}
{"level":30,"time":"2024-06-26T17:35:48.048Z","msg":"got fast theme-setting value dark"}
{"level":30,"time":"2024-06-26T17:35:48.048Z","msg":"MainSQL: updateSchema:\n  Current user_version: 1050;\n  Most recent db schema: 1050;\n  SQLite version: 3.42.0;\n  SQLCipher version: 4.5.5 community;\n  (deprecated) schema_version: 462;\n"}
{"level":30,"time":"2024-06-26T17:35:48.049Z","msg":"got fast theme-setting value dark"}
{"level":30,"time":"2024-06-26T17:35:48.049Z","msg":"got fast spellcheck setting true"}
{"level":30,"time":"2024-06-26T17:35:48.050Z","msg":"Initializing BrowserWindow config: {\"show\":false,\"width\":1376,\"height\":799,\"minWidth\":300,\"minHeight\":200,\"autoHideMenuBar\":false,\"titleBarStyle\":\"default\",\"backgroundColor\":\"#121212\",\"webPreferences\":{\"devTools\":false,\"spellcheck\":true,\"enableBlinkFeatures\":\"CSSPseudoDir,CSSLogical\",\"enablePreferredSizeMode\":true,\"nodeIntegration\":false,\"nodeIntegrationInWorker\":false,\"sandbox\":false,\"contextIsolation\":true,\"preload\":\"[REDACTED]/preload.bundle.js\",\"backgroundThrottling\":true,\"disableBlinkFeatures\":\"Accelerated2dCanvas,AcceleratedSmallCanvases\"},\"icon\":\"[REDACTED]/images/signal-logo-desktop-linux.png\",\"x\":32,\"y\":69}"}
{"level":30,"time":"2024-06-26T17:35:48.113Z","msg":"spellcheck: user locales: [\"en-US\",\"en\"]"}
{"level":30,"time":"2024-06-26T17:35:48.113Z","msg":"spellcheck: available spellchecker languages: [\"af\",\"bg\",\"ca\",\"cs\",\"cy\",\"da\",\"de\",\"de-DE\",\"el\",\"en\",\"en-AU\",\"en-CA\",\"en-GB\",\"en-GB-oxendict\",\"en-US\",\"es\",\"es-419\",\"es-AR\",\"es-ES\",\"es-MX\",\"es-US\",\"et\",\"fa\",\"fo\",\"fr\",\"fr-FR\",\"he\",\"hi\",\"hr\",\"hu\",\"hy\",\"id\",\"it\",\"it-IT\",\"ko\",\"lt\",\"lv\",\"nb\",\"nl\",\"pl\",\"pt\",\"pt-BR\",\"pt-PT\",\"ro\",\"ru\",\"sh\",\"sk\",\"sl\",\"sq\",\"sr\",\"sv\",\"ta\",\"tg\",\"tr\",\"uk\",\"vi\"]"}
{"level":30,"time":"2024-06-26T17:35:48.113Z","msg":"spellcheck: setting languages to: [\"en-US\",\"en\"]"}
{"level":30,"time":"2024-06-26T17:35:48.483Z","msg":"got fast theme-setting value dark"}
{"level":30,"time":"2024-06-26T17:35:48.973Z","msg":"got fast spellcheck setting true"}
{"level":30,"time":"2024-06-26T17:35:48.976Z","msg":"System tray service: created"}
{"level":30,"time":"2024-06-26T17:35:48.976Z","msg":"System tray service: updating main window. Previously, there was not a window, and now there is"}
{"level":30,"time":"2024-06-26T17:35:48.976Z","msg":"System tray service: rendering no tray"}
{"level":30,"time":"2024-06-26T17:35:48.976Z","msg":"Begin ensuring permissions"}
{"level":30,"time":"2024-06-26T17:35:48.977Z","msg":"Ensuring file permissions for 4 files"}
{"level":30,"time":"2024-06-26T17:35:48.977Z","msg":"Finish ensuring permissions in 1ms"}
{"level":30,"time":"2024-06-26T17:35:49.059Z","msg":"MainSQL: slow query getAllStories duration=47ms"}
{"level":30,"time":"2024-06-26T17:35:49.102Z","msg":"Prevent display sleep service: allowing display sleep"}
{"level":30,"time":"2024-06-26T17:35:49.102Z","msg":"Background throttling enabled because no call is active"}
{"level":30,"time":"2024-06-26T17:35:49.761Z","msg":"updater/start: Updates disabled - not starting new version checks"}
{"level":30,"time":"2024-06-26T17:35:49.761Z","msg":"App loaded - time: 1715"}
{"level":30,"time":"2024-06-26T17:35:49.761Z","msg":"SQL init - time: 35"}
{"level":30,"time":"2024-06-26T17:35:49.761Z","msg":"Preload - time: 444"}
{"level":30,"time":"2024-06-26T17:35:49.761Z","msg":"WebSocket connect - time: -1719423348901"}
{"level":30,"time":"2024-06-26T17:35:49.761Z","msg":"Processed count: 0"}
{"level":30,"time":"2024-06-26T17:35:49.761Z","msg":"Messages per second: 0"}
{"level":30,"time":"2024-06-26T17:36:13.079Z","msg":"System tray service: rendering no tray"}
{"level":30,"time":"2024-06-26T17:36:13.121Z","msg":"main window is ready-to-show"}
{"level":30,"time":"2024-06-26T17:36:13.121Z","msg":"showing main window"}
{"level":30,"time":"2024-06-26T17:36:13.122Z","msg":"System tray service: rendering no tray"}
{"level":30,"time":"2024-06-26T17:36:13.588Z","msg":"Updating BrowserWindow config: %s {\"maximized\":true,\"autoHideMenuBar\":false,\"fullscreen\":false,\"width\":1420,\"height\":845,\"x\":0,\"y\":0}"}
{"level":30,"time":"2024-06-26T17:36:13.589Z","msg":"config/set: Saving ephemeral config to disk"}
{"level":30,"time":"2024-06-26T17:36:13.597Z","msg":"config/set: Saved ephemeral config to disk"}
{"level":40,"time":"2024-06-26T17:36:51.157Z","msg":"OptionalResourceService: loaded emoji-index-en.json from disk"}
{"level":30,"time":"2024-06-26T17:37:43.587Z","msg":"mainWindow enter-full-screen event"}
{"level":30,"time":"2024-06-26T17:37:44.093Z","msg":"Updating BrowserWindow config: %s {\"maximized\":false,\"autoHideMenuBar\":false,\"fullscreen\":true,\"width\":1440,\"height\":900,\"x\":0,\"y\":0}"}
{"level":30,"time":"2024-06-26T17:37:44.093Z","msg":"config/set: Saving ephemeral config to disk"}
{"level":30,"time":"2024-06-26T17:37:44.100Z","msg":"config/set: Saved ephemeral config to disk"}
{"level":30,"time":"2024-06-26T17:37:46.701Z","msg":"MainSQL: deleteSentProtoRecipient: Deleting proto payload for timestamp 1719423461229"}
{"level":30,"time":"2024-06-26T17:38:40.986Z","msg":"System tray service: setting unread count to 1"}
{"level":30,"time":"2024-06-26T17:38:40.986Z","msg":"System tray service: rendering no tray"}
{"level":30,"time":"2024-06-26T17:38:41.076Z","msg":"Approving request for permission 'notifications'"}
{"level":30,"time":"2024-06-26T17:38:47.310Z","msg":"System tray service: setting unread count to 0"}
{"level":30,"time":"2024-06-26T17:38:47.310Z","msg":"System tray service: rendering no tray"}
{"level":30,"time":"2024-06-26T17:53:26.464Z","msg":"close event {\"readyForShutdown\":false,\"shouldQuit\":false}"}
{"level":30,"time":"2024-06-26T17:53:26.464Z","msg":"maybeRequestCloseConfirmation: Checking to see if close confirmation is needed"}
{"level":30,"time":"2024-06-26T17:53:26.466Z","msg":"maybeRequestCloseConfirmation: Confirmation dialog shown, waiting for user."}
{"level":30,"time":"2024-06-26T17:53:26.466Z","msg":"maybeRequestCloseConfirmation: Response received"}
{"level":30,"time":"2024-06-26T17:53:26.466Z","msg":"mainWindow leave-full-screen event"}
{"level":30,"time":"2024-06-26T17:53:26.468Z","msg":"System tray service: rendering no tray"}
{"level":30,"time":"2024-06-26T17:53:26.468Z","msg":"requestShutdown: Requesting close of mainWindow..."}
{"level":30,"time":"2024-06-26T17:53:26.551Z","msg":"MainSQL: slow query close duration=59ms"}
{"level":30,"time":"2024-06-26T17:53:26.553Z","msg":"requestShutdown: Response received"}
{"level":30,"time":"2024-06-26T17:53:26.564Z","msg":"before-quit event {\"readyForShutdown\":true,\"shouldQuit\":false,\"hasEventBeenPrevented\":false,\"windowCount\":1,\"mainWindowExists\":true,\"mainWindowIsFullScreen\":false}"}
{"level":30,"time":"2024-06-26T17:53:26.565Z","msg":"System tray service: markShouldQuit"}
{"level":30,"time":"2024-06-26T17:53:26.565Z","msg":"close event {\"readyForShutdown\":true,\"shouldQuit\":true}"}
{"level":30,"time":"2024-06-26T17:53:26.569Z","msg":"main window closed event"}
{"level":30,"time":"2024-06-26T17:53:26.569Z","msg":"System tray service: updating main window. Previously, there was a window, and now there is not"}
{"level":30,"time":"2024-06-26T17:53:26.569Z","msg":"System tray service: rendering no tray"}
{"level":30,"time":"2024-06-26T17:53:26.569Z","msg":"will-quit event {\"hasEventBeenPrevented\":false,\"windowCount\":0,\"mainWindowExists\":false}"}
{"level":30,"time":"2024-06-26T17:53:26.570Z","msg":"quit event {\"hasEventBeenPrevented\":false,\"windowCount\":0,\"mainWindowExists\":false}"}
