2024-06-29 10:41:59.407 [info] Name: Python Debugger
2024-06-29 10:41:59.407 [info] Module: debugpy
2024-06-29 10:41:59.407 [error] sendDebugpySuccessActivationTelemetry() failed. [Error: Extension 'ms-python.debugpy' CANNOT use API proposal: portsAttributes.
Its package.json#enabledApiProposals-property declares:  but NOT portsAttributes.
 The missing proposal MUST be added and you must start in extension development mode or use the following command line switch: --enable-proposed-api ms-python.debugpy
	at P (/usr/lib/code/out/vs/workbench/api/node/extensionHostProcess.js:141:57957)
	at Object.registerPortAttributesProvider (/usr/lib/code/out/vs/workbench/api/node/extensionHostProcess.js:163:42254)
	at t.registerDebugger (/home/ash/.vscode-oss/extensions/ms-python.debugpy-2024.6.0-linux-x64/dist/extension.js:2:880557)
	at e.activate (/home/ash/.vscode-oss/extensions/ms-python.debugpy-2024.6.0-linux-x64/dist/extension.js:2:1128292)
	at J.kb (/usr/lib/code/out/vs/workbench/api/node/extensionHostProcess.js:159:13460)
	at J.jb (/usr/lib/code/out/vs/workbench/api/node/extensionHostProcess.js:159:13173)
	at /usr/lib/code/out/vs/workbench/api/node/extensionHostProcess.js:159:11198
	at async a.n (/usr/lib/code/out/vs/workbench/api/node/extensionHostProcess.js:143:6361)
	at async a.m (/usr/lib/code/out/vs/workbench/api/node/extensionHostProcess.js:143:6324)
	at async a.l (/usr/lib/code/out/vs/workbench/api/node/extensionHostProcess.js:143:5781)]
2024-06-29 10:42:06.284 [info] DAP Server launched with command: /home/ash/Documents/Coding/Python/bin/python /home/ash/.vscode-oss/extensions/ms-python.debugpy-2024.6.0-linux-x64/bundled/libs/debugpy/adapter
2024-06-29 10:42:44.606 [info] DAP Server launched with command: /home/ash/Documents/Coding/Python/bin/python /home/ash/.vscode-oss/extensions/ms-python.debugpy-2024.6.0-linux-x64/bundled/libs/debugpy/adapter
2024-06-29 10:45:53.840 [info] DAP Server launched with command: /home/ash/Documents/Coding/Python/bin/python /home/ash/.vscode-oss/extensions/ms-python.debugpy-2024.6.0-linux-x64/bundled/libs/debugpy/adapter
2024-06-29 10:52:34.994 [info] DAP Server launched with command: /home/ash/Documents/Coding/Python/bin/python /home/ash/.vscode-oss/extensions/ms-python.debugpy-2024.6.0-linux-x64/bundled/libs/debugpy/adapter
2024-06-29 10:53:49.479 [info] DAP Server launched with command: /home/ash/Documents/Coding/Python/bin/python /home/ash/.vscode-oss/extensions/ms-python.debugpy-2024.6.0-linux-x64/bundled/libs/debugpy/adapter
2024-06-29 10:54:27.727 [info] DAP Server launched with command: /home/ash/Documents/Coding/Python/bin/python /home/ash/.vscode-oss/extensions/ms-python.debugpy-2024.6.0-linux-x64/bundled/libs/debugpy/adapter
2024-06-29 10:55:33.252 [info] DAP Server launched with command: /home/ash/Documents/Coding/Python/bin/python /home/ash/.vscode-oss/extensions/ms-python.debugpy-2024.6.0-linux-x64/bundled/libs/debugpy/adapter
