2024-06-29 10:36:40.142 [info] Added views:workbench.panel.markers.view in workbench.panel.markers
2024-06-29 10:36:40.142 [info] Added views:workbench.panel.output in workbench.panel.output
2024-06-29 10:36:40.142 [info] Added views:terminal in terminal
2024-06-29 10:36:40.142 [info] Added views:outline in workbench.view.explorer
2024-06-29 10:36:40.142 [info] Added views:workbench.scm in workbench.view.scm
2024-06-29 10:36:40.142 [info] Added views:workbench.view.search in workbench.view.search
2024-06-29 10:36:40.142 [info] Added views:timeline in workbench.view.explorer
2024-06-29 10:36:40.142 [info] Added views:workbench.explorer.emptyView in workbench.view.explorer
2024-06-29 10:36:40.742 [info] Added views:workbench.debug.variablesView,workbench.debug.watchExpressionsView,workbench.debug.callStackView,workbench.debug.breakPointsView in workbench.view.debug
2024-06-29 10:36:41.817 [info] Added views:~remote.forwardedPorts in ~remote.forwardedPortsContainer
2024-06-29 10:36:42.026 [info] Added views:workbench.panel.repl.view in workbench.panel.repl
2024-06-29 10:36:42.029 [info] Removed views:workbench.debug.breakPointsView,workbench.debug.callStackView,workbench.debug.watchExpressionsView,workbench.debug.variablesView from workbench.view.debug
2024-06-29 10:36:42.030 [info] Added views:workbench.debug.welcome in workbench.view.debug
2024-06-29 10:36:50.496 [info] Added views:workbench.views.extensions.installed,workbench.views.extensions.popular,extensions.recommendedList in workbench.view.extensions
2024-06-29 10:36:50.499 [info] Removed views:workbench.views.extensions.popular from workbench.view.extensions
2024-06-29 10:36:51.158 [info] Added views:workbench.views.extensions.popular in workbench.view.extensions
2024-06-29 10:36:51.213 [info] Removed views:extensions.recommendedList,workbench.views.extensions.popular,workbench.views.extensions.installed from workbench.view.extensions
2024-06-29 10:36:51.229 [info] Added views:workbench.views.extensions.marketplace in workbench.view.extensions
2024-06-29 10:37:42.750 [info] Added views:workbench.panel.markers.view in workbench.panel.markers
2024-06-29 10:37:42.750 [info] Added views:workbench.panel.output in workbench.panel.output
2024-06-29 10:37:42.750 [info] Added views:terminal in terminal
2024-06-29 10:37:42.750 [info] Added views:outline in workbench.view.explorer
2024-06-29 10:37:42.750 [info] Added views:workbench.scm in workbench.view.scm
2024-06-29 10:37:42.750 [info] Added views:workbench.view.search in workbench.view.search
2024-06-29 10:37:42.750 [info] Added views:timeline in workbench.view.explorer
2024-06-29 10:37:42.750 [info] Added views:workbench.explorer.fileView in workbench.view.explorer
2024-06-29 10:37:43.280 [info] Added views:workbench.debug.variablesView,workbench.debug.watchExpressionsView,workbench.debug.callStackView,workbench.debug.breakPointsView in workbench.view.debug
2024-06-29 10:37:43.425 [info] Added views:~remote.forwardedPorts in ~remote.forwardedPortsContainer
2024-06-29 10:37:44.009 [info] Added views:workbench.panel.repl.view in workbench.panel.repl
2024-06-29 10:37:44.011 [info] Removed views:workbench.debug.breakPointsView,workbench.debug.callStackView,workbench.debug.watchExpressionsView,workbench.debug.variablesView from workbench.view.debug
2024-06-29 10:37:44.012 [info] Added views:workbench.debug.welcome in workbench.view.debug
2024-06-29 10:38:05.241 [info] Added views:workbench.views.extensions.installed,workbench.views.extensions.popular,extensions.recommendedList in workbench.view.extensions
2024-06-29 10:38:05.246 [info] Removed views:workbench.views.extensions.popular from workbench.view.extensions
2024-06-29 10:38:11.198 [info] Removed views:extensions.recommendedList,workbench.views.extensions.installed from workbench.view.extensions
2024-06-29 10:38:11.213 [info] Added views:workbench.views.extensions.marketplace in workbench.view.extensions
2024-06-29 10:39:52.058 [info] Added views:workbench.view.testing in workbench.view.extension.test
2024-06-29 10:41:12.878 [info] Removed views:workbench.view.testing from workbench.view.extension.test
