2024-06-29 10:41:22.708 [info] Log level: Info
2024-06-29 10:41:22.708 [info] Validating found git in: "git"
2024-06-29 10:41:22.708 [info] Using git "2.45.2" from "git"
2024-06-29 10:41:22.708 [info] > git rev-parse --show-toplevel [10ms]
2024-06-29 10:41:22.708 [info] fatal: not a git repository (or any of the parent directories): .git
2024-06-29 10:41:22.708 [info] > git rev-parse --show-toplevel [8ms]
2024-06-29 10:41:22.708 [info] fatal: not a git repository (or any of the parent directories): .git
2024-06-29 10:41:22.708 [info] > git rev-parse --show-toplevel [4ms]
2024-06-29 10:41:22.722 [info] > git rev-parse --git-dir --git-common-dir [3ms]
2024-06-29 10:41:22.744 [info] Open repository: /home/ash/Documents/Coding/Kotlin
2024-06-29 10:41:22.784 [info] > git rev-parse --show-toplevel [12ms]
2024-06-29 10:41:22.784 [info] fatal: not a git repository (or any of the parent directories): .git
2024-06-29 10:41:22.785 [info] > git config --get commit.template [26ms]
2024-06-29 10:41:22.813 [info] No remotes found in the git config file.
2024-06-29 10:41:22.818 [info] > git for-each-ref --format=%(refname)%00%(upstream:short)%00%(objectname)%00%(upstream:track)%00%(upstream:remotename)%00%(upstream:remoteref) refs/heads/master refs/remotes/master [7ms]
2024-06-29 10:41:22.833 [info] > git rev-parse --show-toplevel [33ms]
2024-06-29 10:41:22.833 [info] fatal: not a git repository (or any of the parent directories): .git
2024-06-29 10:41:22.847 [info] > git status -z -uall [15ms]
2024-06-29 10:41:22.890 [info] > git rev-parse --show-toplevel [46ms]
2024-06-29 10:41:22.907 [info] > git config --get commit.template [30ms]
2024-06-29 10:41:22.922 [info] > git rev-parse --git-dir --git-common-dir [17ms]
2024-06-29 10:41:22.929 [info] Open repository: /home/ash/Documents/Coding/tutoring
2024-06-29 10:41:22.957 [info] No remotes found in the git config file.
2024-06-29 10:41:22.998 [info] > git config --get commit.template [30ms]
2024-06-29 10:41:22.998 [info] > git for-each-ref --format=%(refname)%00%(upstream:short)%00%(objectname)%00%(upstream:track)%00%(upstream:remotename)%00%(upstream:remoteref) refs/heads/master refs/remotes/master [42ms]
2024-06-29 10:41:23.017 [info] > git status -z -uall [9ms]
2024-06-29 10:41:23.033 [info] > git for-each-ref --format=%(refname)%00%(upstream:short)%00%(objectname)%00%(upstream:track)%00%(upstream:remotename)%00%(upstream:remoteref) refs/heads/main refs/remotes/main [4ms]
2024-06-29 10:41:23.053 [info] > git status -z -uall [8ms]
2024-06-29 10:41:23.089 [info] > git merge-base refs/heads/main refs/remotes/origin/main [23ms]
2024-06-29 10:41:23.111 [info] > git config --get commit.template [24ms]
2024-06-29 10:41:23.114 [info] > git rev-list --count --left-right refs/heads/main...refs/remotes/origin/main [5ms]
2024-06-29 10:41:23.173 [info] > git diff --name-status -z --diff-filter=ADMR af4e8798eb66cb73159b78efe7fe01b92eacb50d...refs/remotes/origin/main [48ms]
2024-06-29 10:41:23.174 [info] > git for-each-ref --format=%(refname)%00%(upstream:short)%00%(objectname)%00%(upstream:track)%00%(upstream:remotename)%00%(upstream:remoteref) refs/heads/main refs/remotes/main [36ms]
2024-06-29 10:41:23.193 [info] > git status -z -uall [7ms]
2024-06-29 10:41:23.259 [info] > git rev-parse --show-toplevel [2ms]
2024-06-29 10:41:23.259 [info] fatal: not a git repository (or any of the parent directories): .git
2024-06-29 10:41:23.543 [info] > git check-ignore -v -z --stdin [14ms]
2024-06-29 10:41:23.544 [info] > git check-ignore -v -z --stdin [3ms]
2024-06-29 10:41:28.935 [info] > git check-ignore -v -z --stdin [2ms]
2024-06-29 10:41:50.820 [info] Log level: Info
2024-06-29 10:41:50.821 [info] Validating found git in: "git"
2024-06-29 10:41:50.821 [info] Using git "2.45.2" from "git"
2024-06-29 10:41:50.832 [info] > git rev-parse --show-toplevel [16ms]
2024-06-29 10:41:50.832 [info] fatal: not a git repository (or any of the parent directories): .git
2024-06-29 10:41:50.863 [info] > git rev-parse --show-toplevel [7ms]
2024-06-29 10:41:50.863 [info] fatal: not a git repository (or any of the parent directories): .git
2024-06-29 10:41:51.014 [info] > git rev-parse --show-toplevel [36ms]
2024-06-29 10:41:51.014 [info] fatal: not a git repository (or any of the parent directories): .git
2024-06-29 10:41:51.265 [info] > git rev-parse --show-toplevel [89ms]
2024-06-29 10:41:51.265 [info] fatal: not a git repository (or any of the parent directories): .git
2024-06-29 10:41:51.344 [info] > git rev-parse --show-toplevel [19ms]
2024-06-29 10:41:51.344 [info] fatal: not a git repository (or any of the parent directories): .git
2024-06-29 10:41:51.720 [info] > git rev-parse --show-toplevel [5ms]
2024-06-29 10:41:51.720 [info] fatal: not a git repository (or any of the parent directories): .git
2024-06-29 10:41:58.861 [info] > git rev-parse --show-toplevel [4ms]
2024-06-29 10:41:58.861 [info] fatal: not a git repository (or any of the parent directories): .git
2024-06-29 10:45:17.365 [info] > git rev-parse --show-toplevel [3ms]
2024-06-29 10:45:17.365 [info] fatal: not a git repository (or any of the parent directories): .git
