00:00:00.736094 VirtualBox GUI VM Selector Window 7.0.18 r162988 linux.amd64 (May  3 2024 17:29:05) release log
00:00:00.736099 Log opened 2024-06-19T00:39:26.949557000Z
00:00:00.736100 Build Type: release
00:00:00.736104 OS Product: Linux
00:00:00.736106 OS Release: 6.9.5-arch1-1
00:00:00.736107 OS Version: #1 SMP PREEMPT_DYNAMIC Sun, 16 Jun 2024 19:06:37 +0000
00:00:00.736151 DMI Product Name: Zenbook UM5401QAB_UM5401QA
00:00:00.736176 DMI Product Version: 1.0       
00:00:00.736186 Firmware type: UEFI
00:00:00.736403 Secure Boot: Disabled
00:00:00.736501 Host RAM: 15390MB (15.0GB) total, 14578MB (14.2GB) available
00:00:00.736507 Executable: /usr/lib/virtualbox/VirtualBox
00:00:00.736508 Process ID: 2368
00:00:00.736509 Package type: LINUX_64BITS_GENERIC (OSE)
00:00:00.736556 Qt version: 5.15.14
00:00:00.739172 GUI: UIMediumEnumerator: Initial medium-enumeration finished!
00:00:00.773087 GUI: UIMediumEnumerator: Medium-enumeration started...
00:00:01.998883 GUI: UIDesktopWidgetWatchdog::sltHandleHostScreenAvailableGeometryCalculated: Screen 0 work area is actually resized to: 640x100 x 800x800
00:00:02.075317 GUI: UIMediumEnumerator: Medium-enumeration finished!
00:00:14.330521 GUI: UIMediumEnumerator: Medium-enumeration finished!
00:00:53.601458 GUI: UIMediumEnumerator: Medium-enumeration finished!
00:02:57.700029 GUI: UIMediumEnumerator: Medium-enumeration finished!
00:03:07.203443 GUI: UIMediumEnumerator: Medium-enumeration finished!
00:05:23.906610 GUI: UICommon: Handling aboutToQuit request..
00:05:25.255532 GUI: UICommon: aboutToQuit request handled!
